This is XeTeX, Version 3.141592653-2.6-0.999995 (MiKTeX 24.1) (preloaded format=xelatex 2025.5.20)  10 JUN 2025 12:49
entering extended mode
 restricted \write18 enabled.
 %&-line parsing enabled.
**./0_main.tex
(0_main.tex
LaTeX2e <2023-11-01> patch level 1
L3 programming layer <2024-01-04>
(C:\Users\user\AppData\Local\Programs\MiKTeX\tex/latex/memoir\memoir.cls
Document Class: memoir 2025/03/10 v3.8.3b configurable book, report, article do
cument class
(C:\Users\user\AppData\Local\Programs\MiKTeX\tex/latex/xpatch\xpatch.sty
(C:\Users\user\AppData\Local\Programs\MiKTeX\tex/latex/l3kernel\expl3.sty
Package: expl3 2024-01-04 L3 programming layer (loader) 

(C:\Users\user\AppData\Local\Programs\MiKTeX\tex/latex/l3backend\l3backend-xete
x.def
File: l3backend-xetex.def 2024-01-04 L3 backend support: XeTeX
\g__graphics_track_int=\count183
\l__pdf_internal_box=\box51
\g__pdf_backend_object_int=\count184
\g__pdf_backend_annotation_int=\count185
\g__pdf_backend_link_int=\count186
))
Package: xpatch 2020/03/25 v0.3a Extending etoolbox patching commands

(C:\Users\user\AppData\Local\Programs\MiKTeX\tex/latex/l3packages/xparse\xparse
.sty
Package: xparse 2023-10-10 L3 Experimental document command parser
)
(C:\Users\user\AppData\Local\Programs\MiKTeX\tex/latex/etoolbox\etoolbox.sty
Package: etoolbox 2020/10/05 v2.5k e-TeX tools for LaTeX (JAW)
\etb@tempcnta=\count187
))
\onelineskip=\skip48
\lxvchars=\skip49
\xlvchars=\skip50
\@memcnta=\count188
\c@@memmarkcntra=\count189

(C:\Users\user\AppData\Local\Programs\MiKTeX\tex/generic/iftex\iftex.sty
Package: iftex 2022/02/03 v1.0f TeX engine tests
)
\trimtop=\skip51
\trimedge=\skip52

(C:\Users\user\AppData\Local\Programs\MiKTeX\tex/latex/memoir\mem14.clo
File: mem14.clo 2022/07/29 v0.5 memoir class 14pt size option
)
\binding=\skip53
\spinemargin=\skip54
\foremargin=\skip55
\uppermargin=\skip56
\lowermargin=\skip57
\headdrop=\skip58
\normalrulethickness=\skip59
\mem@maxheadheight=\skip60
\mem@maxfootheight=\skip61
\headwidth=\skip62
\c@storedpagenumber=\count190
\memPD=\dimen140
\m@mabparskip=\skip63
\thanksmarkwidth=\skip64
\thanksmarksep=\skip65
\droptitle=\skip66
\c@book=\count191
\c@part=\count192
\c@chapter=\count193
\c@section=\count194
\c@subsection=\count195
\c@subsubsection=\count196
\c@paragraph=\count197
\c@subparagraph=\count198
\beforechapskip=\skip67
\midchapskip=\skip68
\afterchapskip=\skip69
\chapindent=\skip70
\bottomsectionskip=\skip71
\secindent=\skip72
\beforesecskip=\skip73
\aftersecskip=\skip74
\subsecindent=\skip75
\beforesubsecskip=\skip76
\aftersubsecskip=\skip77
\subsubsecindent=\skip78
\beforesubsubsecskip=\skip79
\aftersubsubsecskip=\skip80
\paraindent=\skip81
\beforeparaskip=\skip82
\afterparaskip=\skip83
\subparaindent=\skip84
\beforesubparaskip=\skip85
\aftersubparaskip=\skip86
\pfbreakskip=\skip87
\c@@ppsavesec=\count199
\c@@ppsaveapp=\count266
\ragrparindent=\dimen141
\everylistparindent=\dimen142
\parsepi=\skip88
\topsepi=\skip89
\itemsepi=\skip90
\parsepii=\skip91
\topsepii=\skip92
\topsepiii=\skip93
\itemsepii=\skip94
\itemsepiii=\skip95
\partopsepii=\skip96
\partopsepiii=\skip97
\m@msavetopsep=\skip98
\m@msavepartopsep=\skip99
\@enLab=\toks17
\abstitleskip=\skip100
\absleftindent=\skip101
\abs@leftindent=\dimen143
\absrightindent=\skip102
\absparindent=\skip103
\absparsep=\skip104
\c@vslineno=\count267
\c@poemline=\count268
\c@modulo@vs=\count269
\c@memfvsline=\count270
\vleftskip=\skip105
\vrightskip=\skip106
\stanzaskip=\skip107
\versewidth=\skip108
\vgap=\skip109
\vindent=\skip110
\vleftmargin=\dimen144
\c@verse=\count271
\c@chrsinstr=\count272
\beforepoemtitleskip=\skip111
\afterpoemtitleskip=\skip112
\c@poem=\count273
\beforePoemTitleskip=\skip113
\midPoemTitleskip=\skip114
\afterPoemTitleskip=\skip115

(C:\Users\user\AppData\Local\Programs\MiKTeX\tex/latex/tools\array.sty
Package: array 2023/10/16 v2.5g Tabular extension package (FMi)
\col@sep=\dimen145
\ar@mcellbox=\box52
\extrarowheight=\dimen146
\NC@list=\toks18
\extratabsurround=\skip116
\backup@length=\skip117
\ar@cellbox=\box53
)
(C:\Users\user\AppData\Local\Programs\MiKTeX\tex/latex/tools\dcolumn.sty
Package: dcolumn 2023/07/08 v1.06 decimal alignment package (DPC)
)
(C:\Users\user\AppData\Local\Programs\MiKTeX\tex/latex/tools\delarray.sty
Package: delarray 2014/10/28 v1.01 array delimiter package (DPC)
)
(C:\Users\user\AppData\Local\Programs\MiKTeX\tex/latex/tools\tabularx.sty
Package: tabularx 2023/07/08 v2.11c `tabularx' package (DPC)
\TX@col@width=\dimen147
\TX@old@table=\dimen148
\TX@old@col=\dimen149
\TX@target=\dimen150
\TX@delta=\dimen151
\TX@cols=\count274
\TX@ftn=\toks19
)
(C:\Users\user\AppData\Local\Programs\MiKTeX\tex/latex/booktabs\booktabs.sty
Package: booktabs 2020/01/12 v1.61803398 Publication quality tables
\heavyrulewidth=\dimen152
\lightrulewidth=\dimen153
\cmidrulewidth=\dimen154
\belowrulesep=\dimen155
\belowbottomsep=\dimen156
\aboverulesep=\dimen157
\abovetopsep=\dimen158
\cmidrulesep=\dimen159
\cmidrulekern=\dimen160
\defaultaddspace=\dimen161
\@cmidla=\count275
\@cmidlb=\count276
\@aboverulesep=\dimen162
\@belowrulesep=\dimen163
\@thisruleclass=\count277
\@lastruleclass=\count278
\@thisrulewidth=\dimen164
)
\ctableftskip=\skip118
\ctabrightskip=\skip119
\abovecolumnspenalty=\count279
\@linestogo=\count280
\@cellstogo=\count281
\@cellsincolumn=\count282
\crtok=\toks20
\@mincolumnwidth=\dimen165
\c@newflo@tctr=\count283
\mem@margin@floatbox=\box54
\@contcwidth=\skip120
\@contindw=\skip121
\abovecaptionskip=\skip122
\belowcaptionskip=\skip123
\subfloattopskip=\skip124
\subfloatcapskip=\skip125
\subfloatcaptopadj=\skip126
\subfloatbottomskip=\skip127
\subfloatlabelskip=\skip128
\subfloatcapmargin=\dimen166
\c@@contsubnum=\count284
\m@mscap@capbox=\box55
\m@mscap@fbox=\box56
\sidecapsep=\dimen167
\sidecapwidth=\dimen168
\m@m@tempdima=\dimen169
\m@mscapraise=\dimen170
\sidecapraise=\dimen171
\m@mscapmainwidth=\dimen172
\m@mscaplkern=\dimen173
\beforeepigraphskip=\skip129
\afterepigraphskip=\skip130
\epigraphwidth=\skip131
\epigraphrule=\skip132
LaTeX Info: Redefining \em on input line 7017.
LaTeX Info: Redefining \emph on input line 7025.

(C:\Users\user\AppData\Local\Programs\MiKTeX\tex/latex/hyperref\nameref.sty
Package: nameref 2023-11-26 v2.56 Cross-referencing by name of section

(C:\Users\user\AppData\Local\Programs\MiKTeX\tex/latex/refcount\refcount.sty
Package: refcount 2019/12/15 v3.6 Data extraction from label references (HO)

(C:\Users\user\AppData\Local\Programs\MiKTeX\tex/generic/ltxcmds\ltxcmds.sty
Package: ltxcmds 2023-12-04 v1.26 LaTeX kernel commands for general use (HO)
)
(C:\Users\user\AppData\Local\Programs\MiKTeX\tex/generic/infwarerr\infwarerr.st
y
Package: infwarerr 2019/12/03 v1.5 Providing info/warning/error messages (HO)
))
(C:\Users\user\AppData\Local\Programs\MiKTeX\tex/generic/gettitlestring\gettitl
estring.sty
Package: gettitlestring 2019/12/15 v1.6 Cleanup title references (HO)

(C:\Users\user\AppData\Local\Programs\MiKTeX\tex/latex/kvoptions\kvoptions.sty
Package: kvoptions 2022-06-15 v3.15 Key value format for package options (HO)

(C:\Users\user\AppData\Local\Programs\MiKTeX\tex/latex/graphics\keyval.sty
Package: keyval 2022/05/29 v1.15 key=value parser (DPC)
\KV@toks@=\toks21
)
(C:\Users\user\AppData\Local\Programs\MiKTeX\tex/latex/kvsetkeys\kvsetkeys.sty
Package: kvsetkeys 2022-10-05 v1.19 Key value parser (HO)
)))
\c@section@level=\count285
)
\tocentryskip=\skip133
\tocbaseline=\skip134
\cftparskip=\skip135
\cftbeforebookskip=\skip136
\cftbookindent=\dimen174
\cftbooknumwidth=\dimen175
\cftbeforepartskip=\skip137
\cftpartindent=\skip138
\cftpartnumwidth=\skip139
\cftbeforechapterskip=\skip140
\cftchapterindent=\skip141
\cftchapternumwidth=\skip142
\cftbeforesectionskip=\skip143
\cftsectionindent=\skip144
\cftsectionnumwidth=\skip145
\cftbeforesubsectionskip=\skip146
\cftsubsectionindent=\skip147
\cftsubsectionnumwidth=\skip148
\cftbeforesubsubsectionskip=\skip149
\cftsubsubsectionindent=\skip150
\cftsubsubsectionnumwidth=\skip151
\cftbeforeparagraphskip=\skip152
\cftparagraphindent=\skip153
\cftparagraphnumwidth=\skip154
\cftbeforesubparagraphskip=\skip155
\cftsubparagraphindent=\skip156
\cftsubparagraphnumwidth=\skip157
\prechapterprecisshift=\dimen176
\c@maxsecnumdepth=\count286
\bibindent=\dimen177
\bibitemsep=\skip158
\indexcolsep=\skip159
\indexrule=\skip160
\indexmarkstyle=\toks22
\@indexbox=\insert252
LaTeX Info: Redefining \raggedbottom on input line 8108.
LaTeX Info: Redefining \flushbottom on input line 8112.
\glossarycolsep=\dimen178
\glossaryrule=\dimen179
\sideparvshift=\skip161
\sideins=\insert251
\sidebartopsep=\skip162
\sidebarhsep=\skip163
\sidebarvsep=\skip164
\sidebarwidth=\skip165
\footmarkwidth=\skip166
\footmarksep=\skip167
\footparindent=\skip168
\footinsdim=\skip169
\footinsv@r=\insert250
\@mpfootinsv@r=\insert249
\m@m@k=\count287
\m@m@h=\dimen180
\m@mipn@skip=\skip170
\sidefootins=\insert248
\sidefootadjust=\skip171
\sidefootheight=\skip172
\sidefoothsep=\skip173
\sidefootvsep=\skip174
\sidefootwidth=\skip175
\m@mdownsf=\skip176
\c@sidefootnote=\count288
\sidefootmarkwidth=\skip177
\sidefootmarksep=\skip178
\sidefootparindent=\skip179
\c@pagenote=\count289
\c@pagenoteshadow=\count290
\mem@pn@lastkern=\skip180
 (C:\Users\user\AppData\Local\Programs\MiKTeX\tex/latex/tools\verbatim.sty
Package: verbatim 2023-11-06 v1.5v LaTeX2e package for verbatim enhancements
\every@verbatim=\toks23
\verbatim@line=\toks24
\verbatim@in@stream=\read2
)
\verbatimindent=\skip181
\verbatim@out=\write3

(C:\Users\user\AppData\Local\Programs\MiKTeX\tex/latex/base\shortvrb.sty
Package: shortvrb 2022/11/13 v3.0m Standard LaTeX documentation package V3 (FMi
)
)
\bvboxsep=\skip182
\c@memfbvline=\count291
\c@bvlinectr=\count292
\bvnumlength=\skip183
\fb@frw=\dimen181
\fb@frh=\dimen182
\FrameRule=\dimen183
\FrameSep=\dimen184
\c@cp@cntr=\count293
\c@ism@mctr=\count294
\c@xsm@mctr=\count295
\c@csm@mctr=\count296
\c@ksm@mctr=\count297
\c@xksm@mctr=\count298
\c@cksm@mctr=\count299
\c@msm@mctr=\count300
\c@xmsm@mctr=\count301
\c@cmsm@mctr=\count302
\c@bsm@mctr=\count303
\c@workm@mctr=\count304
\c@sheetsequence=\count305
\c@lastsheet=\count306
\c@lastpage=\count307

(C:\Users\user\AppData\Local\Programs\MiKTeX\tex/latex/textcase\textcase.sty
Package: textcase 2025/02/16 v1.05 Text only upper/lower case changing (DPC)
Package textcase Info: Defining Legacy names on input line 20.
)
\c@figure=\count308
\c@lofdepth=\count309
\cftbeforefigureskip=\skip184
\cftfigureindent=\skip185
\cftfigurenumwidth=\skip186
\c@table=\count310
\c@lotdepth=\count311
\cftbeforetableskip=\skip187
\cfttableindent=\skip188
\cfttablenumwidth=\skip189
Package abstract [2008/07/23] emulated by memoir.
Package appendix [2008/07/23] emulated by memoir.
Package ccaption [2008/07/23] emulated by memoir.
Package changepage [2008/07/23] emulated by memoir.
Package chngcntr [2008/07/23] emulated by memoir.
Package chngpage [2008/07/23] emulated by memoir.
Package crop emulated by memoir.
Package enumerate [2008/07/23] emulated by memoir.
Package epigraph [2008/07/23] emulated by memoir.
Package ifmtarg [2008/07/23] emulated by memoir.
Package index [2008/07/23] emulated by memoir.
Package makeidx [2008/07/23] emulated by memoir.
Package moreverb [2008/07/23] emulated by memoir.
Package needspace [2008/07/23] emulated by memoir.
Package newfile [2008/07/23] emulated by memoir.
Package nextpage [2008/07/23] emulated by memoir.
Package pagenote [2008/07/23] emulated by memoir.
Package parskip [2008/07/23] emulated by memoir.
Package patchcmd [2008/07/23] emulated by memoir.
Package setspace [2008/07/23] emulated by memoir.
Package showidx [2008/07/23] emulated by memoir.
Package titleref [2008/07/23] emulated by memoir.
Package titling [2008/07/23] emulated by memoir.
Package tocbibind [2008/07/23] emulated by memoir.
Package tocloft [2008/07/23] emulated by memoir.
Package tocvsec2 [2008/07/23] emulated by memoir.
Package verse [2008/07/23] emulated by memoir.
)
(C:\Users\user\AppData\Local\Programs\MiKTeX\tex/latex/geometry\geometry.sty
Package: geometry 2020/01/02 v5.9 Page Geometry

(C:\Users\user\AppData\Local\Programs\MiKTeX\tex/generic/iftex\ifvtex.sty
Package: ifvtex 2019/10/25 v1.7 ifvtex legacy package. Use iftex instead.
)
\Gm@cnth=\count312
\Gm@cntv=\count313
\c@Gm@tempcnt=\count314
\Gm@bindingoffset=\dimen185
\Gm@wd@mp=\dimen186
\Gm@odd@mp=\dimen187
\Gm@even@mp=\dimen188
\Gm@layoutwidth=\dimen189
\Gm@layoutheight=\dimen190
\Gm@layouthoffset=\dimen191
\Gm@layoutvoffset=\dimen192
\Gm@dimlist=\toks25

(C:\Users\user\AppData\Local\Programs\MiKTeX\tex/latex/geometry\geometry.cfg))
(C:\Users\user\AppData\Local\Programs\MiKTeX\tex/latex/tools\indentfirst.sty
Package: indentfirst 2023/07/02 v1.03 Indent first paragraph (DPC)
)
(C:\Users\user\AppData\Local\Programs\MiKTeX\tex/generic/babel\babel.sty
Package: babel 2024/01/07 v24.1 The Babel package
\babel@savecnt=\count315
\U@D=\dimen193
\l@unhyphenated=\language79

(C:\Users\user\AppData\Local\Programs\MiKTeX\tex/generic/babel\xebabel.def)
\bbl@readstream=\read3
\bbl@dirlevel=\count316

*************************************
* Local config file bblopts.cfg used
*
(C:\Users\user\AppData\Local\Programs\MiKTeX\tex/latex/arabi\bblopts.cfg
File: bblopts.cfg 2005/09/08 v0.1 add Arabic and Farsi to "declared" options of
 babel
)
(C:\Users\user\AppData\Local\Programs\MiKTeX\tex/latex/babel-english\english.ld
f
Language: english 2017/06/06 v3.3r English support from the babel system
Package babel Info: Hyphen rules for 'canadian' set to \l@english
(babel)             (\language0). Reported on input line 102.
Package babel Info: Hyphen rules for 'australian' set to \l@ukenglish
(babel)             (\language73). Reported on input line 105.
Package babel Info: Hyphen rules for 'newzealand' set to \l@ukenglish
(babel)             (\language73). Reported on input line 108.
)
(C:\Users\user\AppData\Local\Programs\MiKTeX\tex/latex/babel-russian\russianb.l
df
File: russianb.ldf 2021/01/10 1.3m Russian support for the Babel system
Language: russian 2020/09/09 1.3k Russian support for the Babel system
Package babel Info: Making " an active character on input line 124.
Package babel Info: Default for \cyrdash is provided on input line 163.
))
(C:\Users\user\AppData\Local\Programs\MiKTeX\tex/generic/babel/locale/ru\babel-
russian.tex
Package babel Info: Importing font and identification data for russian
(babel)             from babel-ru.ini. Reported on input line 11.
)
(C:\Users\user\AppData\Local\Programs\MiKTeX\tex/generic/babel/locale/en\babel-
english.tex
Package babel Info: Importing font and identification data for english
(babel)             from babel-en.ini. Reported on input line 11.
)
(C:\Users\user\AppData\Local\Programs\MiKTeX\tex/latex/fontspec\fontspec.sty
Package: fontspec 2022/01/15 v2.8a Font selection for XeLaTeX and LuaLaTeX

(C:\Users\user\AppData\Local\Programs\MiKTeX\tex/latex/fontspec\fontspec-xetex.
sty
Package: fontspec-xetex 2022/01/15 v2.8a Font selection for XeLaTeX and LuaLaTe
X
\l__fontspec_script_int=\count317
\l__fontspec_language_int=\count318
\l__fontspec_strnum_int=\count319
\l__fontspec_tmp_int=\count320
\l__fontspec_tmpa_int=\count321
\l__fontspec_tmpb_int=\count322
\l__fontspec_tmpc_int=\count323
\l__fontspec_em_int=\count324
\l__fontspec_emdef_int=\count325
\l__fontspec_strong_int=\count326
\l__fontspec_strongdef_int=\count327
\l__fontspec_tmpa_dim=\dimen194
\l__fontspec_tmpb_dim=\dimen195
\l__fontspec_tmpc_dim=\dimen196
 (C:\Users\user\AppData\Local\Programs\MiKTeX\tex/latex/base\fontenc.sty
Package: fontenc 2021/04/29 v2.0v Standard LaTeX package
)
(C:\Users\user\AppData\Local\Programs\MiKTeX\tex/latex/fontspec\fontspec.cfg)))

Package fontspec Info: Font family 'TimesNewRoman(0)' created for font 'Times
(fontspec)             New Roman' with options
(fontspec)             [Ligatures=TeX,Script=Cyrillic,Language=Russian].
(fontspec)              
(fontspec)              This font family consists of the following NFSS
(fontspec)             series/shapes:
(fontspec)              
(fontspec)             - 'normal' (m/n) with NFSS spec.: <->"Times New
(fontspec)             Roman/OT:script=cyrl;language=dflt;mapping=tex-text;"
(fontspec)             - 'small caps'  (m/sc) with NFSS spec.: <->"Times New
(fontspec)             Roman/OT:script=cyrl;language=dflt;+smcp;mapping=tex-tex
t;"
(fontspec)             - 'bold' (b/n) with NFSS spec.: <->"Times New
(fontspec)             Roman/B/OT:script=cyrl;language=dflt;mapping=tex-text;"
(fontspec)             - 'bold small caps'  (b/sc) with NFSS spec.: <->"Times
(fontspec)             New
(fontspec)             Roman/B/OT:script=cyrl;language=dflt;+smcp;mapping=tex-t
ext;"
(fontspec)             - 'italic' (m/it) with NFSS spec.: <->"Times New
(fontspec)             Roman/I/OT:script=cyrl;language=dflt;mapping=tex-text;"
(fontspec)             - 'italic small caps'  (m/scit) with NFSS spec.:
(fontspec)             <->"Times New
(fontspec)             Roman/I/OT:script=cyrl;language=dflt;+smcp;mapping=tex-t
ext;"
(fontspec)             - 'bold italic' (b/it) with NFSS spec.: <->"Times New
(fontspec)             Roman/BI/OT:script=cyrl;language=dflt;mapping=tex-text;"

(fontspec)             - 'bold italic small caps'  (b/scit) with NFSS spec.:
(fontspec)             <->"Times New
(fontspec)             Roman/BI/OT:script=cyrl;language=dflt;+smcp;mapping=tex-
text;"

(C:\Users\user\AppData\Local\Programs\MiKTeX\tex/latex/graphics\graphicx.sty
Package: graphicx 2021/09/16 v1.2d Enhanced LaTeX Graphics (DPC,SPQR)

(C:\Users\user\AppData\Local\Programs\MiKTeX\tex/latex/graphics\graphics.sty
Package: graphics 2022/03/10 v1.4e Standard LaTeX Graphics (DPC,SPQR)

(C:\Users\user\AppData\Local\Programs\MiKTeX\tex/latex/graphics\trig.sty
Package: trig 2021/08/11 v1.11 sin cos tan (DPC)
)
(C:\Users\user\AppData\Local\Programs\MiKTeX\tex/latex/graphics-cfg\graphics.cf
g
File: graphics.cfg 2016/06/04 v1.11 sample graphics configuration
)
Package graphics Info: Driver file: xetex.def on input line 107.

(C:\Users\user\AppData\Local\Programs\MiKTeX\tex/latex/graphics-def\xetex.def
File: xetex.def 2022/09/22 v5.0n Graphics/color driver for xetex
))
\Gin@req@height=\dimen197
\Gin@req@width=\dimen198
) (C:\Users\user\AppData\Local\Programs\MiKTeX\tex/latex/caption\caption.sty
Package: caption 2023/08/05 v3.6o Customizing captions (AR)

(C:\Users\user\AppData\Local\Programs\MiKTeX\tex/latex/caption\caption3.sty
Package: caption3 2023/07/31 v2.4d caption3 kernel (AR)
\caption@tempdima=\dimen199
\captionmargin=\dimen256
\caption@leftmargin=\dimen257
\caption@rightmargin=\dimen258
\caption@width=\dimen259
\caption@indent=\dimen260
\caption@parindent=\dimen261
\caption@hangindent=\dimen262
Package caption Info: memoir document class detected.

(C:\Users\user\AppData\Local\Programs\MiKTeX\tex/latex/caption\caption-memoir.s
to
File: caption-memoir.sto 2023/09/08 v2.2c Adaption of the caption package to th
e memoir document class (AR)
))
\c@caption@flags=\count328
\c@continuedfloat=\count329
Package caption Info: changepage package is loaded.
\caption@adjustwidth@hsize=\dimen263
\caption@adjustwidth@linewidth=\dimen264
)
(C:\Users\user\AppData\Local\Programs\MiKTeX\tex/latex/caption\subcaption.sty
Package: subcaption 2023/07/28 v1.6b Sub-captions (AR)
Package caption Info: New subtype `subfigure' on input line 238.
\c@subfigure=\count330
Package caption Info: New subtype `subtable' on input line 238.
\c@subtable=\count331
)
(C:\Users\user\AppData\Local\Programs\MiKTeX\tex/latex/placeins\placeins.sty
Package: placeins 2005/04/18  v 2.2
)
(C:\Users\user\AppData\Local\Programs\MiKTeX\tex/latex/hyperref\hyperref.sty
Package: hyperref 2023-11-26 v7.01g Hypertext links for LaTeX

(C:\Users\user\AppData\Local\Programs\MiKTeX\tex/generic/kvdefinekeys\kvdefinek
eys.sty
Package: kvdefinekeys 2019-12-19 v1.6 Define keys (HO)
)
(C:\Users\user\AppData\Local\Programs\MiKTeX\tex/generic/pdfescape\pdfescape.st
y
Package: pdfescape 2019/12/09 v1.15 Implements pdfTeX's escape features (HO)

(C:\Users\user\AppData\Local\Programs\MiKTeX\tex/generic/pdftexcmds\pdftexcmds.
sty
Package: pdftexcmds 2020-06-27 v0.33 Utility functions of pdfTeX for LuaTeX (HO
)
Package pdftexcmds Info: \pdf@primitive is available.
Package pdftexcmds Info: \pdf@ifprimitive is available.
Package pdftexcmds Info: \pdfdraftmode not found.
))
(C:\Users\user\AppData\Local\Programs\MiKTeX\tex/latex/hycolor\hycolor.sty
Package: hycolor 2020-01-27 v1.10 Color options for hyperref/bookmark (HO)
)
(C:\Users\user\AppData\Local\Programs\MiKTeX\tex/latex/letltxmacro\letltxmacro.
sty
Package: letltxmacro 2019/12/03 v1.6 Let assignment for LaTeX macros (HO)
) (C:\Users\user\AppData\Local\Programs\MiKTeX\tex/latex/auxhook\auxhook.sty
Package: auxhook 2019-12-17 v1.6 Hooks for auxiliary files (HO)
)
\@linkdim=\dimen265
\Hy@linkcounter=\count332
\Hy@pagecounter=\count333
 (C:\Users\user\AppData\Local\Programs\MiKTeX\tex/latex/hyperref\pd1enc.def
File: pd1enc.def 2023-11-26 v7.01g Hyperref: PDFDocEncoding definition (HO)
)
(C:\Users\user\AppData\Local\Programs\MiKTeX\tex/generic/intcalc\intcalc.sty
Package: intcalc 2019/12/15 v1.3 Expandable calculations with integers (HO)
)
\Hy@SavedSpaceFactor=\count334

(C:\Users\user\AppData\Local\Programs\MiKTeX\tex/latex/hyperref\puenc.def
File: puenc.def 2023-11-26 v7.01g Hyperref: PDF Unicode definition (HO)
)
Package hyperref Info: Option `unicode' set `true' on input line 3167.
Package hyperref Info: Hyper figures OFF on input line 4181.
Package hyperref Info: Link nesting OFF on input line 4186.
Package hyperref Info: Hyper index ON on input line 4189.
Package hyperref Info: Plain pages OFF on input line 4196.
Package hyperref Info: Backreferencing OFF on input line 4201.
Package hyperref Info: Implicit mode ON; LaTeX internals redefined.
Package hyperref Info: Bookmarks ON on input line 4448.
\c@Hy@tempcnt=\count335

(C:\Users\user\AppData\Local\Programs\MiKTeX\tex/latex/url\url.sty
\Urlmuskip=\muskip16
Package: url 2013/09/16  ver 3.4  Verb mode for urls, etc.
)
LaTeX Info: Redefining \url on input line 4786.
\XeTeXLinkMargin=\dimen266

(C:\Users\user\AppData\Local\Programs\MiKTeX\tex/generic/bitset\bitset.sty
Package: bitset 2019/12/09 v1.3 Handle bit-vector datatype (HO)

(C:\Users\user\AppData\Local\Programs\MiKTeX\tex/generic/bigintcalc\bigintcalc.
sty
Package: bigintcalc 2019/12/15 v1.5 Expandable calculations on big integers (HO
)
))
\Fld@menulength=\count336
\Field@Width=\dimen267
\Fld@charsize=\dimen268
Package hyperref Info: Hyper figures OFF on input line 6065.
Package hyperref Info: Link nesting OFF on input line 6070.
Package hyperref Info: Hyper index ON on input line 6073.
Package hyperref Info: backreferencing OFF on input line 6080.
Package hyperref Info: Link coloring OFF on input line 6085.
Package hyperref Info: Link coloring with OCG OFF on input line 6090.
Package hyperref Info: PDF/A mode OFF on input line 6095.

(C:\Users\user\AppData\Local\Programs\MiKTeX\tex/latex/base\atbegshi-ltx.sty
Package: atbegshi-ltx 2021/01/10 v1.0c Emulation of the original atbegshi
package with kernel methods
)
\Hy@abspage=\count337
\c@Item=\count338
\c@Hfootnote=\count339
)
Package hyperref Info: Driver (autodetected): hxetex.

(C:\Users\user\AppData\Local\Programs\MiKTeX\tex/latex/hyperref\hxetex.def
File: hxetex.def 2023-11-26 v7.01g Hyperref driver for XeTeX

(C:\Users\user\AppData\Local\Programs\MiKTeX\tex/generic/stringenc\stringenc.st
y
Package: stringenc 2019/11/29 v1.12 Convert strings between diff. encodings (HO
)
)
\pdfm@box=\box57
\c@Hy@AnnotLevel=\count340
\HyField@AnnotCount=\count341
\Fld@listcount=\count342
\c@bookmark@seq@number=\count343

(C:\Users\user\AppData\Local\Programs\MiKTeX\tex/latex/rerunfilecheck\rerunfile
check.sty
Package: rerunfilecheck 2022-07-10 v1.10 Rerun checks for auxiliary files (HO)

(C:\Users\user\AppData\Local\Programs\MiKTeX\tex/latex/base\atveryend-ltx.sty
Package: atveryend-ltx 2020/08/19 v1.0a Emulation of the original atveryend pac
kage
with kernel methods
)
(C:\Users\user\AppData\Local\Programs\MiKTeX\tex/generic/uniquecounter\uniqueco
unter.sty
Package: uniquecounter 2019/12/15 v1.4 Provide unlimited unique counter (HO)
)
Package uniquecounter Info: New unique counter `rerunfilecheck' on input line 2
85.
)
\Hy@SectionHShift=\skip190
)
(C:\Users\user\AppData\Local\Programs\MiKTeX\tex/latex/memoir\memhfixc.sty
Package: memhfixc 2025/03/06 v1.23 hyperref package fixes for memoir class
\c@memhycontfloat=\count344
\c@mem@Hpagenote=\count345
)
Package hyperref Info: Option `colorlinks' set `true' on input line 102.
Package hyperref Info: Option `linktocpage' set `true' on input line 102.

(C:\Users\user\AppData\Local\Programs\MiKTeX\tex/latex/enumitem\enumitem.sty
Package: enumitem 2025/02/06 v3.11 Customized lists
\labelindent=\skip191
\enit@outerparindent=\dimen269
\enit@toks=\toks26
\enit@inbox=\box58
\enit@count@id=\count346
\enitdp@description=\count347
)
(C:\Users\user\AppData\Local\Programs\MiKTeX\tex/latex/csquotes\csquotes.sty
Package: csquotes 2024-04-04 v5.2o context-sensitive quotations (JAW)
\csq@reset=\count348
\csq@gtype=\count349
\csq@glevel=\count350
\csq@qlevel=\count351
\csq@maxlvl=\count352
\csq@tshold=\count353
\csq@ltx@everypar=\toks27

(C:\Users\user\AppData\Local\Programs\MiKTeX\tex/latex/csquotes\csquotes.def
File: csquotes.def 2024-04-04 v5.2o csquotes generic definitions (JAW)
)
Package csquotes Info: Trying to load configuration file 'csquotes.cfg'...
Package csquotes Info: ... configuration file loaded successfully.

(C:\Users\user\AppData\Local\Programs\MiKTeX\tex/latex/csquotes\csquotes.cfg
File: csquotes.cfg 
))
(C:\Users\user\AppData\Local\Programs\MiKTeX\tex/latex/biblatex\biblatex.sty
Package: biblatex 2023/03/05 v3.19 programmable bibliographies (PK/MW)

(C:\Users\user\AppData\Local\Programs\MiKTeX\tex/latex/logreq\logreq.sty
Package: logreq 2010/08/04 v1.0 xml request logger
\lrq@indent=\count354

(C:\Users\user\AppData\Local\Programs\MiKTeX\tex/latex/logreq\logreq.def
File: logreq.def 2010/08/04 v1.0 logreq spec v1.0
))
(C:\Users\user\AppData\Local\Programs\MiKTeX\tex/latex/base\ifthen.sty
Package: ifthen 2022/04/13 v1.1d Standard LaTeX ifthen package (DPC)
)
\c@tabx@nest=\count355
\c@listtotal=\count356
\c@listcount=\count357
\c@liststart=\count358
\c@liststop=\count359
\c@citecount=\count360
\c@citetotal=\count361
\c@multicitecount=\count362
\c@multicitetotal=\count363
\c@instcount=\count364
\c@maxnames=\count365
\c@minnames=\count366
\c@maxitems=\count367
\c@minitems=\count368
\c@citecounter=\count369
\c@maxcitecounter=\count370
\c@savedcitecounter=\count371
\c@uniquelist=\count372
\c@uniquename=\count373
\c@refsection=\count374
\c@refsegment=\count375
\c@maxextratitle=\count376
\c@maxextratitleyear=\count377
\c@maxextraname=\count378
\c@maxextradate=\count379
\c@maxextraalpha=\count380
\c@abbrvpenalty=\count381
\c@highnamepenalty=\count382
\c@lownamepenalty=\count383
\c@maxparens=\count384
\c@parenlevel=\count385
\blx@tempcnta=\count386
\blx@tempcntb=\count387
\blx@tempcntc=\count388
\c@blx@maxsection=\count389
\blx@maxsegment@0=\count390
\blx@notetype=\count391
\blx@parenlevel@text=\count392
\blx@parenlevel@foot=\count393
\blx@sectionciteorder@0=\count394
\blx@sectionciteorderinternal@0=\count395
\blx@entrysetcounter=\count396
\blx@biblioinstance=\count397
\labelnumberwidth=\skip192
\labelalphawidth=\skip193
\biblabelsep=\skip194
\bibnamesep=\skip195
\bibinitsep=\skip196
\bibparsep=\skip197
\bibhang=\skip198
\blx@bcfin=\read4
\blx@bcfout=\write4
\blx@langwohyphens=\language80
\c@mincomprange=\count398
\c@maxcomprange=\count399
\c@mincompwidth=\count400
Package biblatex Info: Trying to load biblatex default data model...
Package biblatex Info: ... file 'blx-dm.def' found.

(C:\Users\user\AppData\Local\Programs\MiKTeX\tex/latex/biblatex\blx-dm.def
File: blx-dm.def 2023/03/05 v3.19 biblatex localization (PK/MW)
)
Package biblatex Info: Trying to load biblatex style data model...
Package biblatex Info: ... file 'gost-numeric.dbx' found.

(C:\Users\user\AppData\Local\Programs\MiKTeX\tex/latex/biblatex-gost/dbx\gost-n
umeric.dbx
File: gost-numeric.dbx 2023/04/25 v1.24 biblatex-gost data model
Package biblatex Info: Trying to load biblatex-gost data model...
Package biblatex Info: ... file 'biblatex-gost.dbx' found.

(C:\Users\user\AppData\Local\Programs\MiKTeX\tex/latex/biblatex-gost/dbx\biblat
ex-gost.dbx
File: biblatex-gost.dbx 2023/04/25 v1.24 biblatex-gost data model
))
Package biblatex Info: Trying to load biblatex custom data model...
Package biblatex Info: ... file 'biblatex-dm.cfg' not found.
\c@afterword=\count401
\c@savedafterword=\count402
\c@annotator=\count403
\c@savedannotator=\count404
\c@author=\count405
\c@savedauthor=\count406
\c@bookauthor=\count407
\c@savedbookauthor=\count408
\c@commentator=\count409
\c@savedcommentator=\count410
\c@editor=\count411
\c@savededitor=\count412
\c@editora=\count413
\c@savededitora=\count414
\c@editorb=\count415
\c@savededitorb=\count416
\c@editorc=\count417
\c@savededitorc=\count418
\c@foreword=\count419
\c@savedforeword=\count420
\c@holder=\count421
\c@savedholder=\count422
\c@introduction=\count423
\c@savedintroduction=\count424
\c@namea=\count425
\c@savednamea=\count426
\c@nameb=\count427
\c@savednameb=\count428
\c@namec=\count429
\c@savednamec=\count430
\c@translator=\count431
\c@savedtranslator=\count432
\c@shortauthor=\count433
\c@savedshortauthor=\count434
\c@shorteditor=\count435
\c@savedshorteditor=\count436
\c@booktranslator=\count437
\c@savedbooktranslator=\count438
\c@bookcommentator=\count439
\c@savedbookcommentator=\count440
\c@bookannotator=\count441
\c@savedbookannotator=\count442
\c@bookintroduction=\count443
\c@savedbookintroduction=\count444
\c@bookforeword=\count445
\c@savedbookforeword=\count446
\c@bookafterword=\count447
\c@savedbookafterword=\count448
\c@labelname=\count449
\c@savedlabelname=\count450
\c@institution=\count451
\c@savedinstitution=\count452
\c@lista=\count453
\c@savedlista=\count454
\c@listb=\count455
\c@savedlistb=\count456
\c@listc=\count457
\c@savedlistc=\count458
\c@listd=\count459
\c@savedlistd=\count460
\c@liste=\count461
\c@savedliste=\count462
\c@listf=\count463
\c@savedlistf=\count464
\c@location=\count465
\c@savedlocation=\count466
\c@organization=\count467
\c@savedorganization=\count468
\c@origlocation=\count469
\c@savedoriglocation=\count470
\c@origpublisher=\count471
\c@savedorigpublisher=\count472
\c@publisher=\count473
\c@savedpublisher=\count474
\c@language=\count475
\c@savedlanguage=\count476
\c@origlanguage=\count477
\c@savedoriglanguage=\count478
\c@bookoriglanguage=\count479
\c@savedbookoriglanguage=\count480
\c@specdata=\count481
\c@savedspecdata=\count482
\c@credits=\count483
\c@savedcredits=\count484
\c@bookcredits=\count485
\c@savedbookcredits=\count486
\c@editioncredits=\count487
\c@savededitioncredits=\count488
\c@pageref=\count489
\c@savedpageref=\count490
\shorthandwidth=\skip199
\shortjournalwidth=\skip256
\shortserieswidth=\skip257
\shorttitlewidth=\skip258
\shortauthorwidth=\skip259
\shorteditorwidth=\skip260
\locallabelnumberwidth=\skip261
\locallabelalphawidth=\skip262
\localshorthandwidth=\skip263
\localshortjournalwidth=\skip264
\localshortserieswidth=\skip265
\localshorttitlewidth=\skip266
\localshortauthorwidth=\skip267
\localshorteditorwidth=\skip268
Package biblatex Info: Trying to load enhanced support for Unicode engines...
Package biblatex Info: ... file 'blx-unicode.def' found.

(C:\Users\user\AppData\Local\Programs\MiKTeX\tex/latex/biblatex\blx-unicode.def
)
Package biblatex Info: Trying to load compatibility code...
Package biblatex Info: ... file 'blx-compat.def' found.

(C:\Users\user\AppData\Local\Programs\MiKTeX\tex/latex/biblatex\blx-compat.def
File: blx-compat.def 2023/03/05 v3.19 biblatex compatibility (PK/MW)
)
Package biblatex Info: Trying to load generic definitions...
Package biblatex Info: ... file 'biblatex.def' found.
(C:\Users\user\AppData\Local\Programs\MiKTeX\tex/latex/biblatex\biblatex.def
File: biblatex.def 2023/03/05 v3.19 biblatex compatibility (PK/MW)
\c@textcitecount=\count491
\c@textcitetotal=\count492
\c@textcitemaxnames=\count493
\c@biburlbigbreakpenalty=\count494
\c@biburlbreakpenalty=\count495
\c@biburlnumpenalty=\count496
\c@biburlucpenalty=\count497
\c@biburllcpenalty=\count498
\biburlbigskip=\muskip17
\biburlnumskip=\muskip18
\biburlucskip=\muskip19
\biburllcskip=\muskip20
\c@smartand=\count499
)
Package biblatex Info: Trying to load bibliography style 'gost-numeric'...
Package biblatex Info: ... file 'gost-numeric.bbx' found.

(C:\Users\user\AppData\Local\Programs\MiKTeX\tex/latex/biblatex-gost/bbx\gost-n
umeric.bbx
File: gost-numeric.bbx 2023/04/25 v1.24 biblatex-gost styles
Package biblatex Info: Trying to load bibliography style 'gost-standard'...
Package biblatex Info: ... file 'gost-standard.bbx' found.

(C:\Users\user\AppData\Local\Programs\MiKTeX\tex/latex/biblatex-gost/bbx\gost-s
tandard.bbx
File: gost-standard.bbx 2023/04/25 v1.24 biblatex-gost styles
Package biblatex Info: Trying to load biblatex-gost generic definitions...
Package biblatex Info: ... file 'biblatex-gost.def' found.

(C:\Users\user\AppData\Local\Programs\MiKTeX\tex/latex/biblatex-gost\biblatex-g
ost.def
File: biblatex-gost.def 2023/04/25 v1.24 biblatex-gost styles
)
\c@blx@gost@pointer=\count500
\c@bbx:relatedcount=\count501
\c@bbx:relatedtotal=\count502
Package biblatex Info: Redefining autocite command 'footnote'.
Package biblatex Info: Redefining autocite command 'superscript'.
))
Package biblatex Info: Trying to load citation style 'gost-numeric'...
Package biblatex Info: ... file 'gost-numeric.cbx' found.

(C:\Users\user\AppData\Local\Programs\MiKTeX\tex/latex/biblatex-gost/cbx\gost-n
umeric.cbx
File: gost-numeric.cbx 2023/04/25 v1.24 biblatex-gost styles
Package biblatex Info: Trying to load citation style 'numeric-comp'...
Package biblatex Info: ... file 'numeric-comp.cbx' found.

(C:\Users\user\AppData\Local\Programs\MiKTeX\tex/latex/biblatex/cbx\numeric-com
p.cbx
File: numeric-comp.cbx 2023/03/05 v3.19 biblatex citation style (PK/MW)
\c@cbx@tempcnta=\count503
\c@cbx@tempcntb=\count504
\c@cbx@tempcntc=\count505
\c@cbx@tempcntd=\count506
Package biblatex Info: Redefining '\cite'.
Package biblatex Info: Redefining '\parencite'.
Package biblatex Info: Redefining '\footcite'.
Package biblatex Info: Redefining '\footcitetext'.
Package biblatex Info: Redefining '\smartcite'.
Package biblatex Info: Redefining '\supercite'.
Package biblatex Info: Redefining '\textcite'.
Package biblatex Info: Redefining '\textcites'.
Package biblatex Info: Redefining '\cites'.
Package biblatex Info: Redefining '\parencites'.
Package biblatex Info: Redefining '\smartcites'.
))
Package biblatex Info: Trying to load configuration file...
Package biblatex Info: ... file 'biblatex.cfg' found.

(C:\Users\user\AppData\Local\Programs\MiKTeX\tex/latex/biblatex\biblatex.cfg
File: biblatex.cfg 
)
Package biblatex Info: XeTeX detected.
(biblatex)             Assuming input encoding 'utf8'.
Package biblatex Info: Document encoding is UTF8 ....
Package biblatex Info: ... and expl3
(biblatex)             2024-01-04 L3 programming layer (loader) 
(biblatex)             is new enough (at least 2020/04/06),
(biblatex)             setting 'casechanger=expl3'.

(C:\Users\user\AppData\Local\Programs\MiKTeX\tex/latex/biblatex\blx-case-expl3.
sty
Package: blx-case-expl3 2023/03/05 v3.19 expl3 case changing code for biblatex
))
Package biblatex Info: Delimiter 'bibinitdelim' in context '' already defined, 
overwriting on input line 141.

(C:\Users\user\AppData\Local\Programs\MiKTeX\tex/latex/tools\longtable.sty
Package: longtable 2023-11-01 v4.19 Multi-page Table package (DPC)
\LTleft=\skip269
\LTright=\skip270
\LTpre=\skip271
\LTpost=\skip272
\LTchunksize=\count507
\LTcapwidth=\dimen270
\LT@head=\box59
\LT@firsthead=\box60
\LT@foot=\box61
\LT@lastfoot=\box62
\LT@gbox=\box63
\LT@cols=\count508
\LT@rows=\count509
\c@LT@tables=\count510
\c@LT@chunks=\count511
\LT@p@ftn=\toks28
)
(C:\Users\user\AppData\Local\Programs\MiKTeX\tex/latex/caption\ltcaption.sty
Package: ltcaption 2021/01/08 v1.4c longtable captions (AR)
)
(C:\Users\user\AppData\Local\Programs\MiKTeX\tex/latex/multirow\multirow.sty
Package: multirow 2024/11/12 v2.9 Span multiple rows of a table
\multirow@colwidth=\skip273
\multirow@cntb=\count512
\multirow@dima=\skip274
\bigstrutjot=\dimen271
)
(C:\Users\user\AppData\Local\Programs\MiKTeX\tex/latex/makecell\makecell.sty
Package: makecell 2009/08/03 V0.1e Managing of Tab Column Heads and Cells
\rotheadsize=\dimen272
\c@nlinenum=\count513
\TeXr@lab=\toks29
)
(C:\Users\user\AppData\Local\Programs\MiKTeX\tex/generic/soul\soulutf8.sty
Package: soulutf8 2023-06-14 v3.1 Permit use of UTF-8 characters in soul (HO)


Package soulutf8 Warning: This package is obsolete,
(soulutf8)                use the soul package directly. 
(soulutf8)                 on input line 29.

) (C:\Users\user\AppData\Local\Programs\MiKTeX\tex/generic/soul\soul.sty
Package: soul 2023-06-14 v3.1 Permit use of UTF-8 characters in soul (HO)

(C:\Users\user\AppData\Local\Programs\MiKTeX\tex/generic/soul\soul-ori.sty
Package: soul-ori 2023-06-14 v3.1 letterspacing/underlining (mf)
\SOUL@word=\toks30
\SOUL@lasttoken=\toks31
\SOUL@syllable=\toks32
\SOUL@cmds=\toks33
\SOUL@buffer=\toks34
\SOUL@token=\toks35
\SOUL@syllgoal=\dimen273
\SOUL@syllwidth=\dimen274
\SOUL@charkern=\dimen275
\SOUL@hyphkern=\dimen276
\SOUL@dimen=\dimen277
\SOUL@dimeni=\dimen278
\SOUL@minus=\count514
\SOUL@comma=\count515
\SOUL@apo=\count516
\SOUL@grave=\count517
\SOUL@spaceskip=\skip275
\SOUL@ttwidth=\dimen279
\SOUL@uldp=\dimen280
\SOUL@ulht=\dimen281
)
(C:\Users\user\AppData\Local\Programs\MiKTeX\tex/generic/etexcmds\etexcmds.sty
Package: etexcmds 2019/12/15 v1.7 Avoid name clashes with e-TeX commands (HO)
)) (C:\Users\user\AppData\Local\Programs\MiKTeX\tex/latex/was\icomma.sty
Package: icomma 2002/03/10 v2.0 (WaS)
)
(C:\Users\user\AppData\Local\Programs\MiKTeX\tex/latex/hyphenat\hyphenat.sty
Package: hyphenat 2009/09/02 v2.3c hyphenation utilities
\langwohyphens=\language81
LaTeX Info: Redefining \_ on input line 43.
)
(C:\Users\user\AppData\Local\Programs\MiKTeX\tex/latex/base\textcomp.sty
Package: textcomp 2020/02/02 v2.0n Standard LaTeX package
)
(C:\Users\user\AppData\Local\Programs\MiKTeX\tex/latex/mhchem\mhchem.sty
Package: mhchem 2024/01/29 v4.10 for typesetting chemical formulae

(C:\Users\user\AppData\Local\Programs\MiKTeX\tex/latex/l3packages/l3keys2e\l3ke
ys2e.sty
Package: l3keys2e 2023-10-10 LaTeX2e option processing using LaTeX3 keys
) (C:\Users\user\AppData\Local\Programs\MiKTeX\tex/latex/tools\calc.sty
Package: calc 2023/07/08 v4.3 Infix arithmetic (KKT,FJ)
\calc@Acount=\count518
\calc@Bcount=\count519
\calc@Adimen=\dimen282
\calc@Bdimen=\dimen283
\calc@Askip=\skip276
\calc@Bskip=\skip277
LaTeX Info: Redefining \setlength on input line 80.
LaTeX Info: Redefining \addtolength on input line 81.
\calc@Ccount=\count520
\calc@Cskip=\skip278
) (C:\Users\user\AppData\Local\Programs\MiKTeX\tex/latex/amsmath\amsmath.sty
Package: amsmath 2023/05/13 v2.17o AMS math features
\@mathmargin=\skip279

For additional information on amsmath, use the `?' option.
(C:\Users\user\AppData\Local\Programs\MiKTeX\tex/latex/amsmath\amstext.sty
Package: amstext 2021/08/26 v2.01 AMS text

(C:\Users\user\AppData\Local\Programs\MiKTeX\tex/latex/amsmath\amsgen.sty
File: amsgen.sty 1999/11/30 v2.0 generic functions
\@emptytoks=\toks36
\ex@=\dimen284
))
(C:\Users\user\AppData\Local\Programs\MiKTeX\tex/latex/amsmath\amsbsy.sty
Package: amsbsy 1999/11/29 v1.2d Bold Symbols
\pmbraise@=\dimen285
)
(C:\Users\user\AppData\Local\Programs\MiKTeX\tex/latex/amsmath\amsopn.sty
Package: amsopn 2022/04/08 v2.04 operator names
)
\inf@bad=\count521
LaTeX Info: Redefining \frac on input line 234.
\uproot@=\count522
\leftroot@=\count523
LaTeX Info: Redefining \overline on input line 399.
LaTeX Info: Redefining \colon on input line 410.
\classnum@=\count524
\DOTSCASE@=\count525
LaTeX Info: Redefining \ldots on input line 496.
LaTeX Info: Redefining \dots on input line 499.
LaTeX Info: Redefining \cdots on input line 620.
\Mathstrutbox@=\box64
\strutbox@=\box65
LaTeX Info: Redefining \big on input line 722.
LaTeX Info: Redefining \Big on input line 723.
LaTeX Info: Redefining \bigg on input line 724.
LaTeX Info: Redefining \Bigg on input line 725.
\big@size=\dimen286
LaTeX Font Info:    Redeclaring font encoding OML on input line 743.
LaTeX Font Info:    Redeclaring font encoding OMS on input line 744.
\macc@depth=\count526
LaTeX Info: Redefining \bmod on input line 905.
LaTeX Info: Redefining \pmod on input line 910.
LaTeX Info: Redefining \smash on input line 940.
LaTeX Info: Redefining \relbar on input line 970.
LaTeX Info: Redefining \Relbar on input line 971.
\c@MaxMatrixCols=\count527
\dotsspace@=\muskip21
\c@parentequation=\count528
\dspbrk@lvl=\count529
\tag@help=\toks37
\row@=\count530
\column@=\count531
\maxfields@=\count532
\andhelp@=\toks38
\eqnshift@=\dimen287
\alignsep@=\dimen288
\tagshift@=\dimen289
\tagwidth@=\dimen290
\totwidth@=\dimen291
\lineht@=\dimen292
\@envbody=\toks39
\multlinegap=\skip280
\multlinetaggap=\skip281
\mathdisplay@stack=\toks40
LaTeX Info: Redefining \[ on input line 2953.
LaTeX Info: Redefining \] on input line 2954.
)
(C:\Users\user\AppData\Local\Programs\MiKTeX\tex/latex/chemgreek\chemgreek.sty
Package: chemgreek 2020/01/16 v1.1a interface for upright Greek letters for use
 in chemistry (CN)
\l__chemgreek_tmpa_int=\count533
\g__chemgreek_tmpa_int=\count534
)
\l__mhchem_ce_distanceFromLastComma_int=\count535
\__mhchem_arrow_extPgfLength_skip=\skip282
\mhchem@minispace@tmp=\skip283
\mhchem@minibackspace@tmp=\skip284
\mhchem@bondwidth=\skip285
\mhchem@bondheight=\skip286
\mhchem@smallbondwidth@tmpA=\skip287
\mhchem@smallbondwidth@tmpB=\skip288
\mhchem@smallbondwidth=\skip289
\mhchem@bondtmp@minussidebearingleft=\skip290
\mhchem@bondtmp@minussidebearingright=\skip291
\l__mhchem_option_version_int=\count536
\mhchem@option@minusmathsidebearingleft=\dimen293
\mhchem@option@minusmathsidebearingright=\dimen294
\mhchem@option@minustextsidebearingleft=\dimen295
\mhchem@option@minustextsidebearingright=\dimen296
)
Package csquotes Info: Checking for multilingual support...
Package csquotes Info: ... found 'babel' package.
Package csquotes Info: Adjusting default style.
Package csquotes Info: Redefining alias 'default' -> 'russian'.
 (0_main.aux

Package babel Info: The following font families will use the default
(babel)             settings for all or some languages:
(babel)             * \sffamily = lmss
(babel)               "[lmsans12-regular]:mapping=tex-text;" at 14.4pt
(babel)             * \ttfamily = lmtt
(babel)               "[lmmono12-regular]:" at 14.4pt
(babel)             There is nothing intrinsically wrong with it, but
(babel)             'babel' will no set Script and Language, which could
(babel)             be relevant in some languages. If your document uses
(babel)             these families, consider redefining them with \babelfont.
(babel)             Reported on input line 4.


LaTeX Warning: Label `ch:chap6' multiply defined.

)
\openout1 = `0_main.aux'.

LaTeX Font Info:    Checking defaults for OML/cmm/m/it on input line 174.
LaTeX Font Info:    ... okay on input line 174.
LaTeX Font Info:    Checking defaults for OMS/cmsy/m/n on input line 174.
LaTeX Font Info:    ... okay on input line 174.
LaTeX Font Info:    Checking defaults for OT1/cmr/m/n on input line 174.
LaTeX Font Info:    ... okay on input line 174.
LaTeX Font Info:    Checking defaults for T1/cmr/m/n on input line 174.
LaTeX Font Info:    ... okay on input line 174.
LaTeX Font Info:    Checking defaults for TS1/cmr/m/n on input line 174.
LaTeX Font Info:    Trying to load font information for TS1+cmr on input line 1
74.
 (C:\Users\user\AppData\Local\Programs\MiKTeX\tex/latex/base\ts1cmr.fd
File: ts1cmr.fd 2023/04/13 v2.5m Standard LaTeX font definitions
)
LaTeX Font Info:    ... okay on input line 174.
LaTeX Font Info:    Checking defaults for TU/lmr/m/n on input line 174.
LaTeX Font Info:    ... okay on input line 174.
LaTeX Font Info:    Checking defaults for OMX/cmex/m/n on input line 174.
LaTeX Font Info:    ... okay on input line 174.
LaTeX Font Info:    Checking defaults for U/cmr/m/n on input line 174.
LaTeX Font Info:    ... okay on input line 174.
LaTeX Font Info:    Checking defaults for PD1/pdf/m/n on input line 174.
LaTeX Font Info:    ... okay on input line 174.
LaTeX Font Info:    Checking defaults for PU/pdf/m/n on input line 174.
LaTeX Font Info:    ... okay on input line 174.

*geometry* driver: auto-detecting
*geometry* detected driver: xetex
*geometry* verbose mode - [ preamble ] result:
* driver: xetex
* paper: a4paper
* layout: <same size as paper>
* layoutoffset:(h,v)=(0.0pt,0.0pt)
* modes: 
* h-part:(L,W,R)=(85.35826pt, 469.47049pt, 42.67912pt)
* v-part:(T,H,B)=(56.9055pt, 731.23584pt, 56.9055pt)
* \paperwidth=597.50787pt
* \paperheight=845.04684pt
* \textwidth=469.47049pt
* \textheight=731.23584pt
* \oddsidemargin=13.08827pt
* \evensidemargin=13.08827pt
* \topmargin=-54.5457pt
* \headheight=17.5pt
* \headsep=21.68121pt
* \topskip=14.4pt
* \footskip=28.90755pt
* \marginparwidth=7.0pt
* \marginparsep=7.0pt
* \columnsep=10.0pt
* \skip\footins=12.0pt plus 4.0pt minus 4.0pt
* \hoffset=0.0pt
* \voffset=0.0pt
* \mag=1000
* \@twocolumnfalse
* \@twosidefalse
* \@mparswitchfalse
* \@reversemarginfalse
* (1in=72.27pt=25.4mm, 1cm=28.453pt)

LaTeX Info: Redefining \th on input line 174.

Package fontspec Info: Adjusting the maths setup (use [no-math] to avoid
(fontspec)             this).

\symlegacymaths=\mathgroup4
LaTeX Font Info:    Overwriting symbol font `legacymaths' in version `bold'
(Font)                  OT1/cmr/m/n --> OT1/cmr/bx/n on input line 174.
LaTeX Font Info:    Redeclaring math accent \acute on input line 174.
LaTeX Font Info:    Redeclaring math accent \grave on input line 174.
LaTeX Font Info:    Redeclaring math accent \ddot on input line 174.
LaTeX Font Info:    Redeclaring math accent \tilde on input line 174.
LaTeX Font Info:    Redeclaring math accent \bar on input line 174.
LaTeX Font Info:    Redeclaring math accent \breve on input line 174.
LaTeX Font Info:    Redeclaring math accent \check on input line 174.
LaTeX Font Info:    Redeclaring math accent \hat on input line 174.
LaTeX Font Info:    Redeclaring math accent \dot on input line 174.
LaTeX Font Info:    Redeclaring math accent \mathring on input line 174.
LaTeX Font Info:    Redeclaring math symbol \Gamma on input line 174.
LaTeX Font Info:    Redeclaring math symbol \Delta on input line 174.
LaTeX Font Info:    Redeclaring math symbol \Theta on input line 174.
LaTeX Font Info:    Redeclaring math symbol \Lambda on input line 174.
LaTeX Font Info:    Redeclaring math symbol \Xi on input line 174.
LaTeX Font Info:    Redeclaring math symbol \Pi on input line 174.
LaTeX Font Info:    Redeclaring math symbol \Sigma on input line 174.
LaTeX Font Info:    Redeclaring math symbol \Upsilon on input line 174.
LaTeX Font Info:    Redeclaring math symbol \Phi on input line 174.
LaTeX Font Info:    Redeclaring math symbol \Psi on input line 174.
LaTeX Font Info:    Redeclaring math symbol \Omega on input line 174.
LaTeX Font Info:    Redeclaring math symbol \mathdollar on input line 174.
LaTeX Font Info:    Redeclaring symbol font `operators' on input line 174.
LaTeX Font Info:    Encoding `OT1' has changed to `TU' for symbol font
(Font)              `operators' in the math version `normal' on input line 174.

LaTeX Font Info:    Overwriting symbol font `operators' in version `normal'
(Font)                  OT1/cmr/m/n --> TU/TimesNewRoman(0)/m/n on input line 1
74.
LaTeX Font Info:    Encoding `OT1' has changed to `TU' for symbol font
(Font)              `operators' in the math version `bold' on input line 174.
LaTeX Font Info:    Overwriting symbol font `operators' in version `bold'
(Font)                  OT1/cmr/bx/n --> TU/TimesNewRoman(0)/m/n on input line 
174.
LaTeX Font Info:    Overwriting symbol font `operators' in version `normal'
(Font)                  TU/TimesNewRoman(0)/m/n --> TU/TimesNewRoman(0)/m/n on 
input line 174.
LaTeX Font Info:    Overwriting math alphabet `\mathit' in version `normal'
(Font)                  OT1/cmr/m/it --> TU/TimesNewRoman(0)/m/it on input line
 174.
LaTeX Font Info:    Overwriting math alphabet `\mathbf' in version `normal'
(Font)                  OT1/cmr/bx/n --> TU/TimesNewRoman(0)/b/n on input line 
174.
LaTeX Font Info:    Overwriting math alphabet `\mathsf' in version `normal'
(Font)                  OT1/cmss/m/n --> TU/lmss/m/n on input line 174.
LaTeX Font Info:    Overwriting math alphabet `\mathtt' in version `normal'
(Font)                  OT1/cmtt/m/n --> TU/lmtt/m/n on input line 174.
LaTeX Font Info:    Overwriting symbol font `operators' in version `bold'
(Font)                  TU/TimesNewRoman(0)/m/n --> TU/TimesNewRoman(0)/b/n on 
input line 174.
LaTeX Font Info:    Overwriting math alphabet `\mathit' in version `bold'
(Font)                  OT1/cmr/bx/it --> TU/TimesNewRoman(0)/b/it on input lin
e 174.
LaTeX Font Info:    Overwriting math alphabet `\mathsf' in version `bold'
(Font)                  OT1/cmss/bx/n --> TU/lmss/b/n on input line 174.
LaTeX Font Info:    Overwriting math alphabet `\mathtt' in version `bold'
(Font)                  OT1/cmtt/m/n --> TU/lmtt/b/n on input line 174.
Package caption Info: Begin \AtBeginDocument code.
Package caption Info: hyperref package is loaded.
Package caption Info: longtable package is loaded.
Package caption Info: End \AtBeginDocument code.
(C:\Users\user\AppData\Local\Programs\MiKTeX\tex/latex/graphics\color.sty
Package: color 2022/01/06 v1.3d Standard LaTeX Color (DPC)

(C:\Users\user\AppData\Local\Programs\MiKTeX\tex/latex/graphics-cfg\color.cfg
File: color.cfg 2016/01/02 v1.6 sample color configuration
)
Package color Info: Driver file: xetex.def on input line 149.

(C:\Users\user\AppData\Local\Programs\MiKTeX\tex/latex/graphics\mathcolor.ltx))
Package hyperref Info: Link coloring ON on input line 174.
(0_main.out) (0_main.out)
\@outlinefile=\write5
\openout5 = `0_main.out'.

Package biblatex Info: Trying to load language 'russian' -> 'russian-gost'...
Package biblatex Info: ... file 'russian-gost.lbx' found.

(C:\Users\user\AppData\Local\Programs\MiKTeX\tex/latex/biblatex-gost/lbx\russia
n-gost.lbx
File: russian-gost.lbx 2023/04/25 v1.24 biblatex-gost styles
Package biblatex Info: Trying to load language 'russian'...
Package biblatex Info: ... file 'russian.lbx' found.

(C:\Users\user\AppData\Local\Programs\MiKTeX\tex/latex/biblatex/lbx\russian.lbx
File: russian.lbx 2023/03/05 v3.19 biblatex localization (PK/MW)
)
Package biblatex Info: Trying to load language 'russian'...
Package biblatex Info: ... file 'russian.lbx' found.

(C:\Users\user\AppData\Local\Programs\MiKTeX\tex/latex/biblatex/lbx\russian.lbx
File: russian.lbx 2023/03/05 v3.19 biblatex localization (PK/MW)
))
Package biblatex Info: Trying to load language 'english' -> 'english-gost'...
Package biblatex Info: ... file 'english-gost.lbx' found.

(C:\Users\user\AppData\Local\Programs\MiKTeX\tex/latex/biblatex-gost/lbx\englis
h-gost.lbx
File: english-gost.lbx 2023/04/25 v1.24 biblatex-gost styles
Package biblatex Info: Trying to load language 'english'...
Package biblatex Info: ... file 'english.lbx' found.

(C:\Users\user\AppData\Local\Programs\MiKTeX\tex/latex/biblatex/lbx\english.lbx
File: english.lbx 2023/03/05 v3.19 biblatex localization (PK/MW)
)
Package biblatex Info: Trying to load language 'english'...
Package biblatex Info: ... file 'english.lbx' found.

(C:\Users\user\AppData\Local\Programs\MiKTeX\tex/latex/biblatex/lbx\english.lbx
File: english.lbx 2023/03/05 v3.19 biblatex localization (PK/MW)
))
Package biblatex Info: XeTeX detected.
(biblatex)             Assuming input encoding 'utf8'.
Package biblatex Info: Data encoding 'utf8' specified.
(biblatex)             No need to reencode data.
\openout4 = `0_main.bcf'.

Package biblatex Info: Trying to load bibliographic data...
Package biblatex Info: ... file '0_main.bbl' found.
 (0_main.bbl)
Package biblatex Info: Reference section=0 on input line 174.
Package biblatex Info: Reference segment=0 on input line 174.

Package chemgreek Info: Activating mapping `fontspec' on line 174.

 (1_title.tex) [1

] (0_main.toc [2]) (ch_1.tex [3]
File: pic/1_pic_may.png Graphic file (type bmp)
<pic/1_pic_may.png>
 [4

] [5]
[6] [7]) (ch_2.tex [8] [9

] [10]
File: pic/2_x_lin_04_sm.png Graphic file (type bmp)
<pic/2_x_lin_04_sm.png>


LaTeX Warning: `!h' float specifier changed to `!ht'.

File: pic/2_x_nlin_04_sm.png Graphic file (type bmp)
<pic/2_x_nlin_04_sm.png>

LaTeX Warning: `!h' float specifier changed to `!ht'.

File: pic/2_x_lin_04_lg.png Graphic file (type bmp)
<pic/2_x_lin_04_lg.png>

LaTeX Warning: `!h' float specifier changed to `!ht'.

File: pic/2_x_nlin_04_lg.png Graphic file (type bmp)
<pic/2_x_nlin_04_lg.png>

LaTeX Warning: `!h' float specifier changed to `!ht'.

File: pic/2_x_lin_02_sm.png Graphic file (type bmp)
<pic/2_x_lin_02_sm.png>
[11]

LaTeX Warning: `!h' float specifier changed to `!ht'.

File: pic/2_x_nlin_02_sm.png Graphic file (type bmp)
<pic/2_x_nlin_02_sm.png>

LaTeX Warning: `!h' float specifier changed to `!ht'.

File: pic/2_x_lin_02_lg.png Graphic file (type bmp)
<pic/2_x_lin_02_lg.png>

LaTeX Warning: `!h' float specifier changed to `!ht'.

File: pic/2_x_nlin_02_lg.png Graphic file (type bmp)
<pic/2_x_nlin_02_lg.png>

LaTeX Warning: `!h' float specifier changed to `!ht'.

[12] [13] [14]
File: pic/2_x_lin_03_sm.png Graphic file (type bmp)
<pic/2_x_lin_03_sm.png>
 [15]
File: pic/2_x_nlin_03_sm.png Graphic file (type bmp)
<pic/2_x_nlin_03_sm.png>
File: pic/2_x_lin_03_lg.png Graphic file (type bmp)
<pic/2_x_lin_03_lg.png>


LaTeX Warning: `!h' float specifier changed to `!ht'.

File: pic/2_x_nlin_03_lg.png Graphic file (type bmp)
<pic/2_x_nlin_03_lg.png>

LaTeX Warning: `!h' float specifier changed to `!ht'.

[16] [17]) (ch_3.tex [18] [19

]
Underfull \hbox (badness 10000) in paragraph at lines 60--61
[]\TU/TimesNewRoman(0)/m/n/14.4    
 
 []

File: pic/3_x_nlin_01_lg.png Graphic file (type bmp)
<pic/3_x_nlin_01_lg.png>

LaTeX Warning: `!h' float specifier changed to `!ht'.

File: pic/3_x_nlin_02_lg.png Graphic file (type bmp)
<pic/3_x_nlin_02_lg.png>

LaTeX Warning: `!h' float specifier changed to `!ht'.

File: pic/3_x_nlin_03_lg.png Graphic file (type bmp)
<pic/3_x_nlin_03_lg.png>

LaTeX Warning: `!h' float specifier changed to `!ht'.

File: pic/3_x_nlin_04_lg.png Graphic file (type bmp)
<pic/3_x_nlin_04_lg.png>

LaTeX Warning: `!h' float specifier changed to `!ht'.

[20] [21]
File: pic/3_x_nlin_05_lg.png Graphic file (type bmp)
<pic/3_x_nlin_05_lg.png>


LaTeX Warning: `!h' float specifier changed to `!ht'.

[22]
File: pic/3_x_nlin_06_lg.png Graphic file (type bmp)
<pic/3_x_nlin_06_lg.png>
 [23]
File: pic/3_x_nlin_07_lg.png Graphic file (type bmp)
<pic/3_x_nlin_07_lg.png>
File: pic/3_x_nlin_08_lg.png Graphic file (type bmp)
<pic/3_x_nlin_08_lg.png>


LaTeX Warning: `!h' float specifier changed to `!ht'.

[24] [25]
File: pic/3_x_nlin_s1.png Graphic file (type bmp)
<pic/3_x_nlin_s1.png>


LaTeX Warning: `!h' float specifier changed to `!ht'.

File: pic/3_x_nlin_s2.png Graphic file (type bmp)
<pic/3_x_nlin_s2.png>

LaTeX Warning: `!h' float specifier changed to `!ht'.

File: pic/3_x_nlin_s3.png Graphic file (type bmp)
<pic/3_x_nlin_s3.png>

LaTeX Warning: `!h' float specifier changed to `!ht'.

File: pic/3_x_nlin_s4.png Graphic file (type bmp)
<pic/3_x_nlin_s4.png>

LaTeX Warning: `!h' float specifier changed to `!ht'.

[26] [27] [28] [29] [30] [31

]
Underfull \hbox (badness 10000) in paragraph at lines 291--292
[]\TU/TimesNewRoman(0)/m/n/14.4  ,     
$\OML/cmm/m/it/14.4 ^^[[] \OT1/cmr/m/n/14.4 =
 []

File: pic/3_xx_nlin_02_L1.png Graphic file (type bmp)
<pic/3_xx_nlin_02_L1.png>
File: pic/3_e_nlin_02_L1.png Graphic file (type bmp)
<pic/3_e_nlin_02_L1.png>

LaTeX Warning: `!h' float specifier changed to `!ht'.

[32]
File: pic/3_xx_nlin_02_L2.png Graphic file (type bmp)
<pic/3_xx_nlin_02_L2.png>
File: pic/3_e_nlin_02_L2.png Graphic file (type bmp)
<pic/3_e_nlin_02_L2.png>


LaTeX Warning: `!h' float specifier changed to `!ht'.


Overfull \hbox (13.2415pt too wide) in paragraph at lines 350--351
[]\TU/TimesNewRoman(0)/m/n/14.4      $\OML/c
mm/m/it/14.4 ^^[[] \OT1/cmr/m/n/14.4 = \OMS/cmsy/m/n/14.4 f^^@\OT1/cmr/m/n/14.4
 0\OML/cmm/m/it/14.4 :\OT1/cmr/m/n/14.4 1\OML/cmm/m/it/14.4 ; \OMS/cmsy/m/n/14.
4 ^^@\OT1/cmr/m/n/14.4 0\OML/cmm/m/it/14.4 :\OT1/cmr/m/n/14.4 2\OML/cmm/m/it/14
.4 ; \OMS/cmsy/m/n/14.4 ^^@\OT1/cmr/m/n/14.4 0\OML/cmm/m/it/14.4 :\OT1/cmr/m/n/
14.4 3\OML/cmm/m/it/14.4 ; \OMS/cmsy/m/n/14.4 ^^@\OT1/cmr/m/n/14.4 0\OML/cmm/m/
it/14.4 :\OT1/cmr/m/n/14.4 4\OMS/cmsy/m/n/14.4 g$
 []

File: pic/3_xx_nlin_02_L3.png Graphic file (type bmp)
<pic/3_xx_nlin_02_L3.png>
[33]
File: pic/3_e_nlin_02_L3.png Graphic file (type bmp)
<pic/3_e_nlin_02_L3.png>


LaTeX Warning: `!h' float specifier changed to `!ht'.


Underfull \hbox (badness 3884) in paragraph at lines 367--368
[]\TU/TimesNewRoman(0)/m/n/14.4      
 $\OML/cmm/m/it/14.4 ^^[[] \OT1/cmr/m/n/14.4 =
 []

File: pic/3_xx_nlin_02_L4.png Graphic file (type bmp)
<pic/3_xx_nlin_02_L4.png>
[34]
File: pic/3_e_nlin_02_L4.png Graphic file (type bmp)
<pic/3_e_nlin_02_L4.png>


LaTeX Warning: `!h' float specifier changed to `!ht'.

[35] [36]
File: pic/3_z_nlin_02_LW1.png Graphic file (type bmp)
<pic/3_z_nlin_02_LW1.png>
File: pic/3_xx_nlin_02_LW1.png Graphic file (type bmp)
<pic/3_xx_nlin_02_LW1.png>
File: pic/3_e_nlin_02_LW1.png Graphic file (type bmp)
<pic/3_e_nlin_02_LW1.png>


LaTeX Warning: `!h' float specifier changed to `!ht'.

[37]
File: pic/3_z_nlin_02_LW2.png Graphic file (type bmp)
<pic/3_z_nlin_02_LW2.png>
File: pic/3_xx_nlin_02_LW2.png Graphic file (type bmp)
<pic/3_xx_nlin_02_LW2.png>


LaTeX Warning: `!h' float specifier changed to `!ht'.

File: pic/3_e_nlin_02_LW2.png Graphic file (type bmp)
<pic/3_e_nlin_02_LW2.png>

LaTeX Warning: `!h' float specifier changed to `!ht'.

File: pic/3_z_nlin_02_LW3.png Graphic file (type bmp)
<pic/3_z_nlin_02_LW3.png>

LaTeX Warning: `!h' float specifier changed to `!ht'.

File: pic/3_xx_nlin_02_LW3.png Graphic file (type bmp)
<pic/3_xx_nlin_02_LW3.png>

LaTeX Warning: `!h' float specifier changed to `!ht'.

File: pic/3_e_nlin_02_LW3.png Graphic file (type bmp)
<pic/3_e_nlin_02_LW3.png>

LaTeX Warning: `!h' float specifier changed to `!ht'.

File: pic/3_z_nlin_02_LW4.png Graphic file (type bmp)
<pic/3_z_nlin_02_LW4.png>

LaTeX Warning: `!h' float specifier changed to `!ht'.

File: pic/3_xx_nlin_02_LW4.png Graphic file (type bmp)
<pic/3_xx_nlin_02_LW4.png>

LaTeX Warning: `!h' float specifier changed to `!ht'.

File: pic/3_e_nlin_02_LW4.png Graphic file (type bmp)
<pic/3_e_nlin_02_LW4.png>

LaTeX Warning: `!h' float specifier changed to `!ht'.

[38] [39] [40] [41] [42]
Underfull \hbox (badness 6001) in paragraph at lines 548--549
[]\TU/TimesNewRoman(0)/m/n/14.4     
 
 []


LaTeX Warning: `h' float specifier changed to `ht'.

File: pic/3_xu_k1l1.png Graphic file (type bmp)
<pic/3_xu_k1l1.png>

LaTeX Warning: `!h' float specifier changed to `!ht'.

) (ch_4.tex [43] [44]
File: pic/4_1_1.png Graphic file (type bmp)
<pic/4_1_1.png>

Underfull \hbox (badness 10000) in paragraph at lines 37--38
[]\TU/TimesNewRoman(0)/m/n/14.4    
 
 []

[45

]
File: pic/4_1_2.png Graphic file (type bmp)
<pic/4_1_2.png>
File: pic/4_1_3.png Graphic file (type bmp)
<pic/4_1_3.png>


LaTeX Warning: `!h' float specifier changed to `!ht'.

File: pic/4_1_4.png Graphic file (type bmp)
<pic/4_1_4.png>

LaTeX Warning: `!h' float specifier changed to `!ht'.

File: pic/4_1_5.png Graphic file (type bmp)
<pic/4_1_5.png>

LaTeX Warning: `!h' float specifier changed to `!ht'.

[46] [47] [48]
Underfull \hbox (badness 10000) in paragraph at lines 89--90
[]\TU/TimesNewRoman(0)/m/n/14.4      
$\OML/cmm/m/it/14.4 x\OT1/cmr/m/n/14.4 (0) =
 []

[49

]
File: pic/4_3_1.png Graphic file (type bmp)
<pic/4_3_1.png>
File: pic/4_3_2.png Graphic file (type bmp)
<pic/4_3_2.png>


LaTeX Warning: `!h' float specifier changed to `!ht'.

File: pic/4_3_3.png Graphic file (type bmp)
<pic/4_3_3.png>

LaTeX Warning: `!h' float specifier changed to `!ht'.

[50] [51]
Underfull \hbox (badness 10000) in paragraph at lines 202--203
[]\TU/TimesNewRoman(0)/m/n/14.4    
 
 []

File: pic/4_3_0.1_1.png Graphic file (type bmp)
<pic/4_3_0.1_1.png>
File: pic/4_3_0.1_2.png Graphic file (type bmp)
<pic/4_3_0.1_2.png>

LaTeX Warning: `!h' float specifier changed to `!ht'.

File: pic/4_3_0.1_3.png Graphic file (type bmp)
<pic/4_3_0.1_3.png>
[52]

LaTeX Warning: `!h' float specifier changed to `!ht'.

File: pic/4_3_0.1_4.png Graphic file (type bmp)
<pic/4_3_0.1_4.png>

LaTeX Warning: `!h' float specifier changed to `!ht'.

[53]
File: pic/4_3_0.5_1.png Graphic file (type bmp)
<pic/4_3_0.5_1.png>


LaTeX Warning: `!h' float specifier changed to `!ht'.

File: pic/4_3_0.5_2.png Graphic file (type bmp)
<pic/4_3_0.5_2.png>

LaTeX Warning: `!h' float specifier changed to `!ht'.

[54]
File: pic/4_3_0.5_3.png Graphic file (type bmp)
<pic/4_3_0.5_3.png>
 [55]
File: pic/4_3_0.5_4.png Graphic file (type bmp)
<pic/4_3_0.5_4.png>


LaTeX Warning: `!h' float specifier changed to `!ht'.

[56]
File: pic/4_3_1_1.png Graphic file (type bmp)
<pic/4_3_1_1.png>
File: pic/4_3_1_2.png Graphic file (type bmp)
<pic/4_3_1_2.png>
 [57]
File: pic/4_3_1_3.png Graphic file (type bmp)
<pic/4_3_1_3.png>
File: pic/4_3_1_4.png Graphic file (type bmp)
<pic/4_3_1_4.png>


LaTeX Warning: `!h' float specifier changed to `!ht'.

[58] [59]
File: pic/4_6_1.20.5x.png Graphic file (type bmp)
<pic/4_6_1.20.5x.png>


LaTeX Warning: `!h' float specifier changed to `!ht'.

File: pic/4_6_1.20.5e.png Graphic file (type bmp)
<pic/4_6_1.20.5e.png>

LaTeX Warning: `!h' float specifier changed to `!ht'.

[60] [61]
File: pic/4_6_0.50.5x.png Graphic file (type bmp)
<pic/4_6_0.50.5x.png>
File: pic/4_6_0.50.5e.png Graphic file (type bmp)
<pic/4_6_0.50.5e.png>
File: pic/4_6_50.5x.png Graphic file (type bmp)
<pic/4_6_50.5x.png>


LaTeX Warning: `!h' float specifier changed to `!ht'.

File: pic/4_6_50.5e.png Graphic file (type bmp)
<pic/4_6_50.5e.png>

LaTeX Warning: `!h' float specifier changed to `!ht'.

File: pic/4_6_0.55x.png Graphic file (type bmp)
<pic/4_6_0.55x.png>

LaTeX Warning: `!h' float specifier changed to `!ht'.

File: pic/4_6_0.55e.png Graphic file (type bmp)
<pic/4_6_0.55e.png>

LaTeX Warning: `!h' float specifier changed to `!ht'.

File: pic/4_6_55x.png Graphic file (type bmp)
<pic/4_6_55x.png>

LaTeX Warning: `!h' float specifier changed to `!ht'.

File: pic/4_6_55e.png Graphic file (type bmp)
<pic/4_6_55e.png>

LaTeX Warning: `!h' float specifier changed to `!ht'.

[62] [63] [64]) (ch_5.tex [65] [66] [67

] [68] [69]
File: pic2/5_f_lin.png Graphic file (type bmp)
<pic2/5_f_lin.png>
File: pic2/5_f_nonlin.png Graphic file (type bmp)
<pic2/5_f_nonlin.png>


LaTeX Warning: `!h' float specifier changed to `!ht'.

File: pic2/5_f_nonlin_1.png Graphic file (type bmp)
<pic2/5_f_nonlin_1.png>

LaTeX Warning: `!h' float specifier changed to `!ht'.

[70] [71] [72]
File: pic2/5_g_lin.png Graphic file (type bmp)
<pic2/5_g_lin.png>
File: pic2/5_e_lin.png Graphic file (type bmp)
<pic2/5_e_lin.png>


LaTeX Warning: `!h' float specifier changed to `!ht'.

File: pic2/5_g_nonlin.png Graphic file (type bmp)
<pic2/5_g_nonlin.png>

LaTeX Warning: `!h' float specifier changed to `!ht'.

[73] [74]
File: pic2/5_g_nonlin_1.png Graphic file (type bmp)
<pic2/5_g_nonlin_1.png>
File: pic2/5_g_nonlin_2.png Graphic file (type bmp)
<pic2/5_g_nonlin_2.png>


LaTeX Warning: `!h' float specifier changed to `!ht'.

[75] [76]
File: pic2/5_g_nonlin_another.png Graphic file (type bmp)
<pic2/5_g_nonlin_another.png>


LaTeX Warning: `!h' float specifier changed to `!ht'.

File: pic2/5_g_nonlin_another_e.png Graphic file (type bmp)
<pic2/5_g_nonlin_another_e.png>

LaTeX Warning: `!h' float specifier changed to `!ht'.

) (ch_6.tex [77] [78]
File: pic2/6_lqr_1.png Graphic file (type bmp)
<pic2/6_lqr_1.png>


LaTeX Warning: `!h' float specifier changed to `!ht'.


Underfull \hbox (badness 10000) in paragraph at lines 49--50
[]\TU/TimesNewRoman(0)/m/n/14.4    
 
 []

[79

]
File: pic2/6_lqr_n1.png Graphic file (type bmp)
<pic2/6_lqr_n1.png>


LaTeX Warning: `!h' float specifier changed to `!ht'.

File: pic2/6_lqr_n2.png Graphic file (type bmp)
<pic2/6_lqr_n2.png>

LaTeX Warning: `!h' float specifier changed to `!ht'.

File: pic2/6_lqr_n3.png Graphic file (type bmp)
<pic2/6_lqr_n3.png>

LaTeX Warning: `!h' float specifier changed to `!ht'.

File: pic2/6_lqr_n4.png Graphic file (type bmp)
<pic2/6_lqr_n4.png>

LaTeX Warning: `!h' float specifier changed to `!ht'.

[80] [81] [82] [83]
File: pic2/6_kalm_e_1.png Graphic file (type bmp)
<pic2/6_kalm_e_1.png>


LaTeX Warning: `!h' float specifier changed to `!ht'.

File: pic2/6_kalm_x_1.png Graphic file (type bmp)
<pic2/6_kalm_x_1.png>

LaTeX Warning: `!h' float specifier changed to `!ht'.


LaTeX Warning: Reference `6_kalm_e_' on page 84 undefined on input line 214.


LaTeX Warning: Reference `6_kalm_x_' on page 84 undefined on input line 214.

[84] [85]
File: pic2/6_lqg_lin2.png Graphic file (type bmp)
<pic2/6_lqg_lin2.png>
File: pic2/6_lqg_lin2_e.png Graphic file (type bmp)
<pic2/6_lqg_lin2_e.png>


LaTeX Warning: `!h' float specifier changed to `!ht'.

[86]
File: pic2/6_lqg_nonlin2_x.png Graphic file (type bmp)
<pic2/6_lqg_nonlin2_x.png>
File: pic2/6_lqg_nonlin2_e.png Graphic file (type bmp)
<pic2/6_lqg_nonlin2_e.png>


LaTeX Warning: `!h' float specifier changed to `!ht'.

) (ch_sum.tex [87] [88])

LaTeX Warning: Empty bibliography on input line 194.


Package caption Warning: Unused \captionsetup[subfigure] on input line 84.
See the caption package documentation for explanation.

[89

]
\tf@toc=\write6
\openout6 = `0_main.toc'.

 (0_main.aux)
 ***********
LaTeX2e <2023-11-01> patch level 1
L3 programming layer <2020/03/25>
 ***********


LaTeX Warning: There were undefined references.


LaTeX Warning: There were multiply-defined labels.

Package rerunfilecheck Info: File `0_main.out' has not changed.
(rerunfilecheck)             Checksum: 56EC1D4CCB929E028BBA66EA750EC8D5;10949.
Package logreq Info: Writing requests to '0_main.run.xml'.
\openout1 = `0_main.run.xml'.

 ) 
Here is how much of TeX's memory you used:
 29745 strings out of 409616
 570422 string characters out of 5774195
 1942191 words of memory out of 5000000
 51385 multiletter control sequences out of 15000+600000
 563748 words of font info for 84 fonts, out of 8000000 for 9000
 1348 hyphenation exceptions out of 8191
 85i,15n,93p,1153b,3882s stack positions out of 10000i,1000n,20000p,200000b,200000s

Output written on 0_main.pdf (89 pages).
